<?xml version="1.0" encoding="UTF-8"?>
<testng-results skipped="0" failed="0" total="1" passed="1">
  <reporter-output>
  </reporter-output>
  <suite name="Suite" duration-ms="13277" started-at="2017-11-13T11:27:35Z" finished-at="2017-11-13T11:27:48Z">
    <groups>
    </groups>
    <test name="Test" duration-ms="13277" started-at="2017-11-13T11:27:35Z" finished-at="2017-11-13T11:27:48Z">
      <class name="jenkinsdemo.DemoJenkinsJob">
        <test-method status="PASS" signature="jenkinsdemo()[pri:0, instance:jenkinsdemo.DemoJenkinsJob@21a06946]" name="jenkinsdemo" duration-ms="13261" started-at="2017-11-13T16:57:35Z" finished-at="2017-11-13T16:57:48Z">
          <reporter-output>
          </reporter-output>
        </test-method> <!-- jenkinsdemo -->
      </class> <!-- jenkinsdemo.DemoJenkinsJob -->
    </test> <!-- Test -->
  </suite> <!-- Suite -->
</testng-results>
